<?xml version="1.0" encoding="UTF-8"?>
<!-- Generated by org.testng.reporters.JUnitReportReporter -->
<testsuite hostname="LAPTOP-7EL4I75L" failures="0" tests="3" name="Movie_Testing.Pushpa_The_Rise_Testing.Testpage1" time="36.656" errors="0" timestamp="2022-07-23T21:47:22 IST" skipped="0">
  <testcase classname="Movie_Testing.Pushpa_The_Rise_Testing.Testpage1" name="IMDB" time="20.991"/>
  <system-out/>
  <testcase classname="Movie_Testing.Pushpa_The_Rise_Testing.Testpage1" name="Assert" time="0.026"/>
  <system-out/>
  <testcase classname="Movie_Testing.Pushpa_The_Rise_Testing.Testpage1" name="WIKI" time="15.639"/>
  <system-out/>
</testsuite> <!-- Movie_Testing.Pushpa_The_Rise_Testing.Testpage1 -->
